2024-06-08 09:35:43,137 - INFO - Fetching data for BTCUSDT
2024-06-08 09:35:44,634 - INFO - Fetching data for ETHUSDT
2024-06-08 09:35:46,519 - INFO - Fetching data for BNBUSDT
2024-06-08 09:35:47,993 - INFO - Fetching data for ADAUSDT
2024-06-08 09:35:49,449 - INFO - Fetching data for XRPUSDT
2024-06-08 09:35:51,382 - INFO - Fetching data for SOLUSDT
2024-06-08 09:35:52,936 - INFO - Fetching data for DOGEUSDT
2024-06-08 09:35:54,856 - INFO - Fetching data for DOTUSDT
2024-06-08 09:35:56,319 - INFO - Fetching data for AVAXUSDT
2024-06-08 09:35:57,809 - INFO - Fetching data for SHIBUSDT
2024-06-08 09:37:17,963 - INFO - Fetching data for BTCUSDT
2024-06-08 09:37:19,550 - INFO - Fetching data for ETHUSDT
2024-06-08 09:37:21,019 - INFO - Fetching data for BNBUSDT
2024-06-08 09:37:22,570 - INFO - Fetching data for ADAUSDT
2024-06-08 09:37:24,044 - INFO - Fetching data for XRPUSDT
2024-06-08 09:37:25,519 - INFO - Fetching data for SOLUSDT
2024-06-08 09:37:26,984 - INFO - Fetching data for DOGEUSDT
2024-06-08 09:37:28,461 - INFO - Fetching data for DOTUSDT
2024-06-08 09:37:30,034 - INFO - Fetching data for AVAXUSDT
2024-06-08 09:37:31,507 - INFO - Fetching data for SHIBUSDT
2024-06-08 09:37:32,979 - INFO - Data saved to data/new_data.csv
2024-06-08 09:41:41,474 - INFO - Fetching data for BTCUSDT
2024-06-08 09:41:42,991 - INFO - Fetching data for ETHUSDT
2024-06-08 09:41:44,484 - INFO - Fetching data for BNBUSDT
2024-06-08 09:41:45,956 - INFO - Fetching data for ADAUSDT
2024-06-08 09:41:47,415 - INFO - Fetching data for XRPUSDT
2024-06-08 09:41:48,876 - INFO - Fetching data for SOLUSDT
2024-06-08 09:41:50,331 - INFO - Fetching data for DOGEUSDT
2024-06-08 09:41:51,892 - INFO - Fetching data for DOTUSDT
2024-06-08 09:41:53,357 - INFO - Fetching data for AVAXUSDT
2024-06-08 09:41:55,798 - INFO - Fetching data for SHIBUSDT
2024-06-08 09:41:57,830 - INFO - Data saved to data/new_data.csv
